Determining if the pthread_create exist failed with the following output:
Change Dir: /home/jb/Dropbox/work/phantom-intelligence/ros_phantom_intelligence/tutorial/catkin_ws/build/CMakeFiles/CMakeTmp

Run Build Command:"/usr/bin/make" "cmTC_e4633/fast"
/usr/bin/make -f CMakeFiles/cmTC_e4633.dir/build.make CMakeFiles/cmTC_e4633.dir/build
make[1]: Entering directory '/home/jb/Dropbox/work/phantom-intelligence/ros_phantom_intelligence/tutorial/catkin_ws/build/CMakeFiles/CMakeTmp'
Building C object CMakeFiles/cmTC_e4633.dir/CheckSymbolExists.c.o
/usr/bin/cc    -o CMakeFiles/cmTC_e4633.dir/CheckSymbolExists.c.o   -c /home/jb/Dropbox/work/phantom-intelligence/ros_phantom_intelligence/tutorial/catkin_ws/build/CMakeFiles/CMakeTmp/CheckSymbolExists.c
Linking C executable cmTC_e4633
/usr/bin/cmake -E cmake_link_script CMakeFiles/cmTC_e4633.dir/link.txt --verbose=1
/usr/bin/cc      -rdynamic CMakeFiles/cmTC_e4633.dir/CheckSymbolExists.c.o  -o cmTC_e4633 
CMakeFiles/cmTC_e4633.dir/CheckSymbolExists.c.o: In function `main':
CheckSymbolExists.c:(.text+0x1b): undefined reference to `pthread_create'
collect2: error: ld returned 1 exit status
make[1]: *** [CMakeFiles/cmTC_e4633.dir/build.make:87: cmTC_e4633] Error 1
make[1]: Leaving directory '/home/jb/Dropbox/work/phantom-intelligence/ros_phantom_intelligence/tutorial/catkin_ws/build/CMakeFiles/CMakeTmp'
make: *** [Makefile:126: cmTC_e4633/fast] Error 2

File /home/jb/Dropbox/work/phantom-intelligence/ros_phantom_intelligence/tutorial/catkin_ws/build/CMakeFiles/CMakeTmp/CheckSymbolExists.c:
/* */
#include <pthread.h>

int main(int argc, char** argv)
{
  (void)argv;
#ifndef pthread_create
  return ((int*)(&pthread_create))[argc];
#else
  (void)argc;
  return 0;
#endif
}

Determining if the function pthread_create exists in the pthreads failed with the following output:
Change Dir: /home/jb/Dropbox/work/phantom-intelligence/ros_phantom_intelligence/tutorial/catkin_ws/build/CMakeFiles/CMakeTmp

Run Build Command:"/usr/bin/make" "cmTC_edeab/fast"
/usr/bin/make -f CMakeFiles/cmTC_edeab.dir/build.make CMakeFiles/cmTC_edeab.dir/build
make[1]: Entering directory '/home/jb/Dropbox/work/phantom-intelligence/ros_phantom_intelligence/tutorial/catkin_ws/build/CMakeFiles/CMakeTmp'
Building C object CMakeFiles/cmTC_edeab.dir/CheckFunctionExists.c.o
/usr/bin/cc   -DCHECK_FUNCTION_EXISTS=pthread_create   -o CMakeFiles/cmTC_edeab.dir/CheckFunctionExists.c.o   -c /usr/share/cmake-3.11/Modules/CheckFunctionExists.c
Linking C executable cmTC_edeab
/usr/bin/cmake -E cmake_link_script CMakeFiles/cmTC_edeab.dir/link.txt --verbose=1
/usr/bin/cc  -DCHECK_FUNCTION_EXISTS=pthread_create    -rdynamic CMakeFiles/cmTC_edeab.dir/CheckFunctionExists.c.o  -o cmTC_edeab -lpthreads 
/usr/bin/ld: cannot find -lpthreads
collect2: error: ld returned 1 exit status
make[1]: *** [CMakeFiles/cmTC_edeab.dir/build.make:87: cmTC_edeab] Error 1
make[1]: Leaving directory '/home/jb/Dropbox/work/phantom-intelligence/ros_phantom_intelligence/tutorial/catkin_ws/build/CMakeFiles/CMakeTmp'
make: *** [Makefile:126: cmTC_edeab/fast] Error 2


